<?xml version="1.0" encoding="UTF-8"?>
<!-- Generated by org.testng.reporters.JUnitReportReporter -->
<testsuite skipped="0" hostname="SS-VAIO" name="test.PracticePage2Test" tests="2" failures="0" timestamp="2020-12-13T11:05:44 CST" time="11.242" errors="0">
  <testcase name="switchWindow" time="0.275" classname="test.PracticePage2Test"/>
  <system-out/>
  <testcase name="selectionButton" time="10.967" classname="test.PracticePage2Test"/>
  <system-out/>
</testsuite> <!-- test.PracticePage2Test -->
